<?xml version="1.0" encoding="UTF-8"?>
<testsuite xmlns:xsi="http://www.w3.org/2001/XMLSchema-instance" xsi:noNamespaceSchemaLocation="https://maven.apache.org/surefire/maven-surefire-plugin/xsd/surefire-test-report-3.0.xsd" version="3.0" name="TestSuite" time="108.876" tests="3" errors="0" skipped="0" failures="1">
  <properties>
[...]
</properties>
  <testcase name="runScenario" classname="com.qa.runner.SearchRunner" time="19.837">
    <failure message="stale element reference: element is not attached to the page document&#10;  (Session info: chrome=109.0.5414.74)&#10;For documentation on this error, please visit: https://selenium.dev/exceptions/#stale_element_reference&#10;Build info: version: &apos;4.4.0&apos;, revision: &apos;e5c75ed026a&apos;&#10;System info: host: &apos;DESKTOP-V87AIUO&apos;, ip: &apos;192.168.31.161&apos;, os.name: &apos;Windows 10&apos;, os.arch: &apos;amd64&apos;, os.version: &apos;10.0&apos;, java.version: &apos;1.8.0_202&apos;&#10;Driver info: org.openqa.selenium.chrome.ChromeDriver&#10;Command: [1fa56acec904e1dd57d3d7f56461275d, sendKeysToElement {id=9eb9dd6c-81b6-4440-9b3d-4832bcd835fa, value=[Ljava.lang.CharSequence;@3f9f71ff}]&#10;Capabilities {acceptInsecureCerts: false, browserName: chrome, browserVersion: 109.0.5414.74, chrome: {chromedriverVersion: 109.0.5414.74 (e7c5703604da..., userDataDir: C:\Users\RAMIRE~1\AppData\L...}, goog:chromeOptions: {debuggerAddress: localhost:54004}, networkConnectionEnabled: false, pageLoadStrategy: normal, platformName: WINDOWS, proxy: Proxy(), se:cdp: ws://localhost:54004/devtoo..., se:cdpVersion: 109.0.5414.74, setWindowRect: true, strictFileInteractability: false, timeouts: {implicit: 0, pageLoad: 300000, script: 30000}, unhandledPromptBehavior: dismiss and notify, webauthn:extension:credBlob: true, webauthn:extension:largeBlob: true, webauthn:virtualAuthenticators: true}&#10;Element: [[ChromeDriver: chrome on WINDOWS (1fa56acec904e1dd57d3d7f56461275d)] -&gt; name: q]&#10;Session ID: 1fa56acec904e1dd57d3d7f56461275d" type="org.openqa.selenium.StaleElementReferenceException">org.openqa.selenium.StaleElementReferenceException: 
stale element reference: element is not attached to the page document
  (Session info: chrome=109.0.5414.74)
For documentation on this error, please visit: https://selenium.dev/exceptions/#stale_element_reference
Build info: version: '4.4.0', revision: 'e5c75ed026a'
System info: host: 'DESKTOP-V87AIUO', ip: '192.168.31.161', os.name: 'Windows 10', os.arch: 'amd64', os.version: '10.0', java.version: '1.8.0_202'
Driver info: org.openqa.selenium.chrome.ChromeDriver
Command: [1fa56acec904e1dd57d3d7f56461275d, sendKeysToElement {id=9eb9dd6c-81b6-4440-9b3d-4832bcd835fa, value=[Ljava.lang.CharSequence;@3f9f71ff}]
Capabilities {acceptInsecureCerts: false, browserName: chrome, browserVersion: 109.0.5414.74, chrome: {chromedriverVersion: 109.0.5414.74 (e7c5703604da..., userDataDir: C:\Users\RAMIRE~1\AppData\L...}, goog:chromeOptions: {debuggerAddress: localhost:54004}, networkConnectionEnabled: false, pageLoadStrategy: normal, platformName: WINDOWS, proxy: Proxy(), se:cdp: ws://localhost:54004/devtoo..., se:cdpVersion: 109.0.5414.74, setWindowRect: true, strictFileInteractability: false, timeouts: {implicit: 0, pageLoad: 300000, script: 30000}, unhandledPromptBehavior: dismiss and notify, webauthn:extension:credBlob: true, webauthn:extension:largeBlob: true, webauthn:virtualAuthenticators: true}
Element: [[ChromeDriver: chrome on WINDOWS (1fa56acec904e1dd57d3d7f56461275d)] -> name: q]
Session ID: 1fa56acec904e1dd57d3d7f56461275d
</failure>
    <system-out><![CDATA[
@smoketest
Scenario Outline: title testing                # src/test/resources/features/search.feature:18

    Embedding Test passed [image/png 4256 bytes]

  Given open "chrome" browser                  # com.qa.stepdef.StepDef1.method1(java.lang.String)

    Embedding Test passed [image/png 47369 bytes]

  When i launch "http://www.google.co.in" site # com.qa.stepdef.StepDef1.method2(java.lang.String)

    Embedding Test Passed [image/png 47420 bytes]

  Then title should be "Google"                # com.qa.stepdef.StepDef1.method3(java.lang.String)

    Test passed

  When i entered a value and verify title      # com.qa.stepdef.StepDef2.method4(io.cucumber.datatable.DataTable)
    | word       |
    | Ratan Tata |
    | steve jobs |
    | tcs        |
    | apple      |
      org.openqa.selenium.StaleElementReferenceException: stale element reference: element is not attached to the page document
  (Session info: chrome=109.0.5414.74)
For documentation on this error, please visit: https://selenium.dev/exceptions/#stale_element_reference
Build info: version: '4.4.0', revision: 'e5c75ed026a'
System info: host: 'DESKTOP-V87AIUO', ip: '192.168.31.161', os.name: 'Windows 10', os.arch: 'amd64', os.version: '10.0', java.version: '1.8.0_202'
Driver info: org.openqa.selenium.chrome.ChromeDriver
Command: [1fa56acec904e1dd57d3d7f56461275d, sendKeysToElement {id=9eb9dd6c-81b6-4440-9b3d-4832bcd835fa, value=[Ljava.lang.CharSequence;@3f9f71ff}]
Capabilities {acceptInsecureCerts: false, browserName: chrome, browserVersion: 109.0.5414.74, chrome: {chromedriverVersion: 109.0.5414.74 (e7c5703604da..., userDataDir: C:\Users\RAMIRE~1\AppData\L...}, goog:chromeOptions: {debuggerAddress: localhost:54004}, networkConnectionEnabled: false, pageLoadStrategy: normal, platformName: WINDOWS, proxy: Proxy(), se:cdp: ws://localhost:54004/devtoo..., se:cdpVersion: 109.0.5414.74, setWindowRect: true, strictFileInteractability: false, timeouts: {implicit: 0, pageLoad: 300000, script: 30000}, unhandledPromptBehavior: dismiss and notify, webauthn:extension:credBlob: true, webauthn:extension:largeBlob: true, webauthn:virtualAuthenticators: true}
Element: [[ChromeDriver: chrome on WINDOWS (1fa56acec904e1dd57d3d7f56461275d)] -> name: q]
Session ID: 1fa56acec904e1dd57d3d7f56461275d
	at sun.reflect.NativeConstructorAccessorImpl.newInstance0(Native Method)
	at sun.reflect.NativeConstructorAccessorImpl.newInstance(NativeConstructorAccessorImpl.java:62)
	at sun.reflect.DelegatingConstructorAccessorImpl.newInstance(DelegatingConstructorAccessorImpl.java:45)
	at java.lang.reflect.Constructor.newInstance(Constructor.java:423)
	at org.openqa.selenium.remote.codec.w3c.W3CHttpResponseCodec.createException(W3CHttpResponseCodec.java:200)
	at org.openqa.selenium.remote.codec.w3c.W3CHttpResponseCodec.decode(W3CHttpResponseCodec.java:133)
	at org.openqa.selenium.remote.codec.w3c.W3CHttpResponseCodec.decode(W3CHttpResponseCodec.java:53)
	at org.openqa.selenium.remote.HttpCommandExecutor.execute(HttpCommandExecutor.java:184)
	at org.openqa.selenium.remote.service.DriverCommandExecutor.invokeExecute(DriverCommandExecutor.java:167)
	at org.openqa.selenium.remote.service.DriverCommandExecutor.execute(DriverCommandExecutor.java:142)
	at org.openqa.selenium.remote.RemoteWebDriver.execute(RemoteWebDriver.java:547)
	at org.openqa.selenium.remote.RemoteWebElement.execute(RemoteWebElement.java:257)
	at org.openqa.selenium.remote.RemoteWebElement.sendKeys(RemoteWebElement.java:113)
	at sun.reflect.NativeMethodAccessorImpl.invoke0(Native Method)
	at sun.reflect.NativeMethodAccessorImpl.invoke(NativeMethodAccessorImpl.java:62)
	at sun.reflect.DelegatingMethodAccessorImpl.invoke(DelegatingMethodAccessorImpl.java:43)
	at java.lang.reflect.Method.invoke(Method.java:498)
	at org.openqa.selenium.support.pagefactory.internal.LocatingElementHandler.invoke(LocatingElementHandler.java:52)
	at com.sun.proxy.$Proxy23.sendKeys(Unknown Source)
	at com.qa.pages.GooglePage.fillSearchboxAndClickEnter(GooglePage.java:27)
	at com.qa.stepdef.StepDef2.method4(StepDef2.java:28)
	at âœ½.i entered a value and verify title(file:///C:/Users/Rami%20Reddy/Desktop/Automation/com.techmahindra.search/src/test/resources/features/search.feature:8)

  And close site                               # com.qa.stepdef.StepDef2.method5()
]]></system-out>
    <system-err><![CDATA[SLF4J: Failed to load class "org.slf4j.impl.StaticLoggerBinder".
SLF4J: Defaulting to no-operation (NOP) logger implementation
SLF4J: See http://www.slf4j.org/codes.html#StaticLoggerBinder for further details.
Starting ChromeDriver 109.0.5414.74 (e7c5703604daa9cc128ccf5a5d3e993513758913-refs/branch-heads/5414@{#1172}) on port 54391
Only local connections are allowed.
Please see https://chromedriver.chromium.org/security-considerations for suggestions on keeping ChromeDriver safe.
ChromeDriver was started successfully.
Jan 17, 2023 6:01:35 AM org.openqa.selenium.remote.ProtocolHandshake createSession
INFO: Detected upstream dialect: W3C
Jan 17, 2023 6:01:35 AM org.openqa.selenium.devtools.CdpVersionFinder findNearestMatch
WARNING: Unable to find an exact match for CDP version 109, so returning the closest version found: a no-op implementation
Jan 17, 2023 6:01:35 AM org.openqa.selenium.devtools.CdpVersionFinder findNearestMatch
INFO: Unable to find CDP implementation matching 109.
Jan 17, 2023 6:01:35 AM org.openqa.selenium.chromium.ChromiumDriver lambda$new$3
WARNING: Unable to find version of CDP to use for . You may need to include a dependency on a specific version of the CDP using something similar to `org.seleniumhq.selenium:selenium-devtools-v86:4.4.0` where the version ("v86") matches the version of the chromium-based browser you're using and the version number of the artifact is the same as Selenium's.
]]></system-err>
  </testcase>
  <testcase name="runScenario" classname="com.qa.runner.SearchRunner" time="49.064"/>
  <testcase name="runScenario" classname="com.qa.runner.SearchRunner" time="37.647"/>
</testsuite>